Compiling the CXX compiler identification source file "CMakeCXXCompilerId.cpp" failed.
Compiler: /usr/bin/g++ 
Build flags: ;-m32
Id flags: 

The output was:
1
/usr/bin/ld: skipping incompatible /usr/lib/gcc/x86_64-linux-gnu/5/libstdc++.so when searching for -lstdc++
/usr/bin/ld: skipping incompatible /usr/lib/gcc/x86_64-linux-gnu/5/libstdc++.a when searching for -lstdc++
/usr/bin/ld: cannot find -lstdc++
collect2: error: ld returned 1 exit status


Determining if the CXX compiler works failed with the following output:
Change Dir: /home/lollo/Desktop/planning and reasoning/Fast-Downward-71752802dd1b/builds/release32/CMakeFiles/CMakeTmp

Run Build Command:"/usr/bin/make" "cmTC_35737/fast"
/usr/bin/make -f CMakeFiles/cmTC_35737.dir/build.make CMakeFiles/cmTC_35737.dir/build
make[1]: Entering directory '/home/lollo/Desktop/planning and reasoning/Fast-Downward-71752802dd1b/builds/release32/CMakeFiles/CMakeTmp'
Building CXX object CMakeFiles/cmTC_35737.dir/testCXXCompiler.cxx.o
/usr/bin/g++     -m32    -o CMakeFiles/cmTC_35737.dir/testCXXCompiler.cxx.o -c "/home/lollo/Desktop/planning and reasoning/Fast-Downward-71752802dd1b/builds/release32/CMakeFiles/CMakeTmp/testCXXCompiler.cxx"
Linking CXX executable cmTC_35737
/usr/bin/cmake -E cmake_link_script CMakeFiles/cmTC_35737.dir/link.txt --verbose=1
/usr/bin/g++    -m32     CMakeFiles/cmTC_35737.dir/testCXXCompiler.cxx.o  -o cmTC_35737 -rdynamic 
/usr/bin/ld: skipping incompatible /usr/lib/gcc/x86_64-linux-gnu/5/libstdc++.so when searching for -lstdc++
/usr/bin/ld: skipping incompatible /usr/lib/gcc/x86_64-linux-gnu/5/libstdc++.a when searching for -lstdc++
/usr/bin/ld: cannot find -lstdc++
collect2: error: ld returned 1 exit status
CMakeFiles/cmTC_35737.dir/build.make:97: recipe for target 'cmTC_35737' failed
make[1]: *** [cmTC_35737] Error 1
make[1]: Leaving directory '/home/lollo/Desktop/planning and reasoning/Fast-Downward-71752802dd1b/builds/release32/CMakeFiles/CMakeTmp'
Makefile:126: recipe for target 'cmTC_35737/fast' failed
make: *** [cmTC_35737/fast] Error 2


